app/build/outputs/logs/manifest-merger-debug-report.txt
-- Merging decision tree log ---
manifest
ADDED from src\main\AndroidManifest.xml:2:1-102:12
	package
		ADDED from src\main\AndroidManifest.xml:3:5-42
		INJECTED from src\main\AndroidManifest.xml
		INJECTED from src\main\AndroidManifest.xml
	xmlns:android
		ADDED from src\main\AndroidManifest.xml:2:11-69
uses-sdk
ADDED from src\main\AndroidManifest.xml:5:5-44
MERGED from [com.android.support:appcompat-v7:23.4.0] AndroidManifest.xml:21:5-23:78
MERGED from [com.android.support:animated-vector-drawable:23.4.0] AndroidManifest.xml:5:5-44
MERGED from [com.android.support:support-vector-drawable:23.4.0] AndroidManifest.xml:5:5-43
MERGED from [com.android.support:support-v4:23.4.0] AndroidManifest.xml:20:5-43
MERGED from [com.android.support:support-v4:23.4.0] AndroidManifest.xml:20:5-43
MERGED from [com.android.support:support-vector-drawable:23.4.0] AndroidManifest.xml:5:5-43
MERGED from [com.android.support:support-v4:23.4.0] AndroidManifest.xml:20:5-43
MERGED from [com.android.support.constraint:constraint-layout:1.1.0] AndroidManifest.xml:5:5-7:41
	tools:overrideLibrary
		ADDED from [com.android.support:appcompat-v7:23.4.0] AndroidManifest.xml:23:9-75
	android:targetSdkVersion
		INJECTED from src\main\AndroidManifest.xml
		INJECTED from src\main\AndroidManifest.xml
	android:minSdkVersion
		ADDED from src\main\AndroidManifest.xml:5:15-41
		INJECTED from src\main\AndroidManifest.xml
		INJECTED from src\main\AndroidManifest.xml
uses-permission#android.permission.WRITE_EXTERNAL_STORAGE
ADDED from src\main\AndroidManifest.xml:7:5-81
	android:name
		ADDED from src\main\AndroidManifest.xml:7:22-78
uses-permission#android.permission.READ_PHONE_STATE
ADDED from src\main\AndroidManifest.xml:8:5-75
	android:name
		ADDED from src\main\AndroidManifest.xml:8:22-72
uses-permission#android.permission.READ_EXTERNAL_STORAGE
ADDED from src\main\AndroidManifest.xml:9:5-80
	android:name
		ADDED from src\main\AndroidManifest.xml:9:22-77
application
ADDED from src\main\AndroidManifest.xml:11:5-100:19
MERGED from [com.android.support:appcompat-v7:23.4.0] AndroidManifest.xml:25:5-20
MERGED from [com.android.support:animated-vector-drawable:23.4.0] AndroidManifest.xml:7:5-20
MERGED from [com.android.support:support-vector-drawable:23.4.0] AndroidManifest.xml:7:5-20
MERGED from [com.android.support:support-v4:23.4.0] AndroidManifest.xml:22:5-20
MERGED from [com.android.support:support-v4:23.4.0] AndroidManifest.xml:22:5-20
MERGED from [com.android.support:support-vector-drawable:23.4.0] AndroidManifest.xml:7:5-20
MERGED from [com.android.support:support-v4:23.4.0] AndroidManifest.xml:22:5-20
MERGED from [com.android.support.constraint:constraint-layout:1.1.0] AndroidManifest.xml:9:5-20
	android:label
		ADDED from src\main\AndroidManifest.xml:13:9-41
	android:icon
		ADDED from src\main\AndroidManifest.xml:12:9-43
provider#com.example.android.notepad.NotePadProvider
ADDED from src\main\AndroidManifest.xml:14:9-19:20
	android:authorities
		ADDED from src\main\AndroidManifest.xml:16:13-62
	android:exported
		ADDED from src\main\AndroidManifest.xml:17:13-37
	android:name
		ADDED from src\main\AndroidManifest.xml:15:13-44
grant-uri-permission
ADDED from src\main\AndroidManifest.xml:18:13-62
	android:pathPattern
		ADDED from src\main\AndroidManifest.xml:18:35-59
activity#com.example.android.notepad.NotesList
ADDED from src\main\AndroidManifest.xml:20:9-39:20
	android:label
		ADDED from src\main\AndroidManifest.xml:22:13-53
	android:name
		ADDED from src\main\AndroidManifest.xml:21:13-38
intent-filter#android.intent.action.MAIN+android.intent.category.LAUNCHER
ADDED from src\main\AndroidManifest.xml:23:13-26:29
action#android.intent.action.MAIN
ADDED from src\main\AndroidManifest.xml:24:17-69
	android:name
		ADDED from src\main\AndroidManifest.xml:24:25-66
category#android.intent.category.LAUNCHER
ADDED from src\main\AndroidManifest.xml:25:17-77
	android:name
		ADDED from src\main\AndroidManifest.xml:25:27-74
intent-filter#android.intent.action.EDIT+android.intent.action.PICK+android.intent.action.VIEW+android.intent.category.DEFAULT
ADDED from src\main\AndroidManifest.xml:27:13-33:29
action#android.intent.action.VIEW
ADDED from src\main\AndroidManifest.xml:28:17-69
	android:name
		ADDED from src\main\AndroidManifest.xml:28:25-66
action#android.intent.action.EDIT
ADDED from src\main\AndroidManifest.xml:29:17-69
	android:name
		ADDED from src\main\AndroidManifest.xml:29:25-66
action#android.intent.action.PICK
ADDED from src\main\AndroidManifest.xml:30:17-69
	android:name
		ADDED from src\main\AndroidManifest.xml:30:25-66
category#android.intent.category.DEFAULT
ADDED from src\main\AndroidManifest.xml:31:17-76
	android:name
		ADDED from src\main\AndroidManifest.xml:31:27-73
data
ADDED from src\main\AndroidManifest.xml:32:17-83
	android:mimeType
		ADDED from src\main\AndroidManifest.xml:32:23-80
intent-filter#android.intent.action.GET_CONTENT+android.intent.category.DEFAULT
ADDED from src\main\AndroidManifest.xml:34:13-38:29
action#android.intent.action.GET_CONTENT
ADDED from src\main\AndroidManifest.xml:35:17-76
	android:name
		ADDED from src\main\AndroidManifest.xml:35:25-73
activity#com.example.android.notepad.NoteEditor
ADDED from src\main\AndroidManifest.xml:40:9-58:20
	android:screenOrientation
		ADDED from src\main\AndroidManifest.xml:43:13-47
	android:configChanges
		ADDED from src\main\AndroidManifest.xml:42:13-63
	android:theme
		ADDED from src\main\AndroidManifest.xml:44:13-60
	android:name
		ADDED from src\main\AndroidManifest.xml:41:13-39
intent-filter#android.intent.action.EDIT+android.intent.action.VIEW+android.intent.category.DEFAULT+com.android.notepad.action.EDIT_NOTE
ADDED from src\main\AndroidManifest.xml:45:13-51:29
	android:label
		ADDED from src\main\AndroidManifest.xml:45:28-64
action#com.android.notepad.action.EDIT_NOTE
ADDED from src\main\AndroidManifest.xml:48:17-79
	android:name
		ADDED from src\main\AndroidManifest.xml:48:25-76
intent-filter#android.intent.action.INSERT+android.intent.action.PASTE+android.intent.category.DEFAULT
ADDED from src\main\AndroidManifest.xml:52:13-57:29
action#android.intent.action.INSERT
ADDED from src\main\AndroidManifest.xml:53:17-71
	android:name
		ADDED from src\main\AndroidManifest.xml:53:25-68
action#android.intent.action.PASTE
ADDED from src\main\AndroidManifest.xml:54:17-70
	android:name
		ADDED from src\main\AndroidManifest.xml:54:25-67
activity#com.example.android.notepad.TitleEditor
ADDED from src\main\AndroidManifest.xml:59:9-78:20
	android:label
		ADDED from src\main\AndroidManifest.xml:62:13-53
	android:windowSoftInputMode
		ADDED from src\main\AndroidManifest.xml:64:13-55
	android:icon
		ADDED from src\main\AndroidManifest.xml:61:13-50
	android:theme
		ADDED from src\main\AndroidManifest.xml:63:13-61
	android:name
		ADDED from src\main\AndroidManifest.xml:60:13-40
intent-filter#android.intent.category.ALTERNATIVE+android.intent.category.DEFAULT+android.intent.category.SELECTED_ALTERNATIVE+com.android.notepad.action.EDIT_TITLE
ADDED from src\main\AndroidManifest.xml:66:13-77:29
	android:label
		ADDED from src\main\AndroidManifest.xml:66:28-65
action#com.android.notepad.action.EDIT_TITLE
ADDED from src\main\AndroidManifest.xml:68:17-80
	android:name
		ADDED from src\main\AndroidManifest.xml:68:25-77
category#android.intent.category.ALTERNATIVE
ADDED from src\main\AndroidManifest.xml:72:17-80
	android:name
		ADDED from src\main\AndroidManifest.xml:72:27-77
category#android.intent.category.SELECTED_ALTERNATIVE
ADDED from src\main\AndroidManifest.xml:74:17-89
	android:name
		ADDED from src\main\AndroidManifest.xml:74:27-86
activity#com.example.android.notepad.NotesLiveFolder
ADDED from src\main\AndroidManifest.xml:79:9-88:20
	android:label
		ADDED from src\main\AndroidManifest.xml:82:13-53
	android:icon
		ADDED from src\main\AndroidManifest.xml:81:13-55
	android:name
		ADDED from src\main\AndroidManifest.xml:80:13-44
intent-filter#android.intent.action.CREATE_LIVE_FOLDER+android.intent.category.DEFAULT
ADDED from src\main\AndroidManifest.xml:83:13-87:29
action#android.intent.action.CREATE_LIVE_FOLDER
ADDED from src\main\AndroidManifest.xml:84:17-83
	android:name
		ADDED from src\main\AndroidManifest.xml:84:25-80
activity#com.example.android.notepad.SearchActivity
ADDED from src\main\AndroidManifest.xml:89:9-99:20
	android:label
		ADDED from src\main\AndroidManifest.xml:92:13-47
	android:icon
		ADDED from src\main\AndroidManifest.xml:91:13-49
	android:name
		ADDED from src\main\AndroidManifest.xml:90:13-43
intent-filter#android.intent.action.SEARCH+android.intent.action.SEARCH_LONG_PRESS+android.intent.category.DEFAULT
ADDED from src\main\AndroidManifest.xml:93:13-98:29
action#android.intent.action.SEARCH
ADDED from src\main\AndroidManifest.xml:94:17-70
	android:name
		ADDED from src\main\AndroidManifest.xml:94:25-68
action#android.intent.action.SEARCH_LONG_PRESS
ADDED from src\main\AndroidManifest.xml:95:17-81
	android:name
		ADDED from src\main\AndroidManifest.xml:95:25-79